2025-08-25 10:03:28,462 [INFO] Activator:176 - 


2025-08-25 10:03:28,465 [INFO] Activator:177 - !SESSION log4j initialized
2025-08-25 10:03:33,884 [INFO] LogOutputStream:77 - [STDOUT_REDIRECT] 
2025-08-25 10:03:44,917 [INFO] ApplicationProperties:184 - Using Application install path: C:\ST\STM32CubeIDE_1.19.0\STM32CubeIDE\plugins\com.st.stm32cube.common.mx_6.15.0.202507011659
2025-08-25 10:03:44,953 [INFO] DbMcusXml:78 - Set database path to: C:\ST\STM32CubeIDE_1.19.0\STM32CubeIDE\plugins\com.st.stm32cube.common.mx_6.15.0.202507011659\\db\/mcu/
2025-08-25 10:03:44,954 [INFO] ApiDb:274 - Set plugin database path to: C:\ST\STM32CubeIDE_1.19.0\STM32CubeIDE\plugins\com.st.stm32cube.common.mx_6.15.0.202507011659\\db\/plugins/boardmanager/
2025-08-25 10:03:44,956 [WARN] ApiDb:259 - Overriding images path with different value:  => C:\ST\STM32CubeIDE_1.19.0\STM32CubeIDE\plugins\com.st.stm32cube.common.mx_6.15.0.202507011659\\db\/plugins/mcufinder/images/
2025-08-25 10:03:44,977 [INFO] ApiDb:250 - Set database path to: C:\Users\italo\.stmcufinder\plugins\mcufinder//mcu/
2025-08-25 10:03:44,979 [INFO] DbMcusAds:125 - Set database path to: C:\Users\italo\.stmcufinder\plugins\mcufinder//mcu/
2025-08-25 10:03:45,014 [INFO] CrossReferenceDbSqlite:203 - Set database path to: C:\Users\italo\.stmcufinder\plugins\mcufinder//mcu/cs/
2025-08-25 10:03:45,187 [INFO] RulesReader:64 - Compatibility file has been processed (317 Rules)
2025-08-25 10:03:45,326 [INFO] DbMcusXml:78 - Set database path to: C:\ST\STM32CubeIDE_1.19.0\STM32CubeIDE\plugins\com.st.stm32cube.common.mx_6.15.0.202507011659\\db\/mcu/
2025-08-25 10:03:45,326 [INFO] ApiDb:274 - Set plugin database path to: C:\ST\STM32CubeIDE_1.19.0\STM32CubeIDE\plugins\com.st.stm32cube.common.mx_6.15.0.202507011659\\db\/plugins/boardmanager/
2025-08-25 10:03:45,326 [INFO] ApiDb:261 - Set plugin images path to: C:\ST\STM32CubeIDE_1.19.0\STM32CubeIDE\plugins\com.st.stm32cube.common.mx_6.15.0.202507011659\\db\/plugins/mcufinder/images/
2025-08-25 10:03:45,327 [WARN] DbFile:41 - Overriding database path with different value: C:\Users\italo\.stmcufinder\plugins\mcufinder/ => C:\Users\italo\.stmcufinder\plugins\mcufinder
2025-08-25 10:03:45,327 [INFO] ApiDb:250 - Set database path to: C:\Users\italo\.stmcufinder\plugins\mcufinder//mcu/
2025-08-25 10:03:45,327 [WARN] DbFile:41 - Overriding database path with different value: C:\Users\italo\.stmcufinder\plugins\mcufinder/ => C:\Users\italo\.stmcufinder\plugins\mcufinder
2025-08-25 10:03:45,327 [INFO] DbMcusAds:125 - Set database path to: C:\Users\italo\.stmcufinder\plugins\mcufinder//mcu/
2025-08-25 10:03:45,327 [WARN] DbFile:41 - Overriding database path with different value: C:\Users\italo\.stmcufinder\plugins\mcufinder/ => C:\Users\italo\.stmcufinder\plugins\mcufinder
2025-08-25 10:03:45,327 [WARN] DbFile:41 - Overriding database path with different value: C:\Users\italo\.stmcufinder\plugins\mcufinder/ => C:\Users\italo\.stmcufinder\plugins\mcufinder
2025-08-25 10:03:45,327 [INFO] CrossReferenceDbSqlite:203 - Set database path to: C:\Users\italo\.stmcufinder\plugins\mcufinder//mcu/cs/
2025-08-25 10:03:45,456 [INFO] MainPanel:274 - HeapMemory: 268435456
2025-08-25 10:03:45,639 [INFO] DbMcusXml:78 - Set database path to: C:\ST\STM32CubeIDE_1.19.0\STM32CubeIDE\plugins\com.st.stm32cube.common.mx_6.15.0.202507011659\\db\/mcu/
2025-08-25 10:03:45,639 [INFO] ApiDb:274 - Set plugin database path to: C:\ST\STM32CubeIDE_1.19.0\STM32CubeIDE\plugins\com.st.stm32cube.common.mx_6.15.0.202507011659\\db\/plugins/boardmanager/
2025-08-25 10:03:45,639 [INFO] ApiDb:261 - Set plugin images path to: C:\ST\STM32CubeIDE_1.19.0\STM32CubeIDE\plugins\com.st.stm32cube.common.mx_6.15.0.202507011659\\db\/plugins/mcufinder/images/
2025-08-25 10:03:45,639 [WARN] DbFile:41 - Overriding database path with different value: C:\Users\italo\.stmcufinder\plugins\mcufinder/ => C:\Users\italo\.stmcufinder\plugins\mcufinder
2025-08-25 10:03:45,640 [INFO] ApiDb:250 - Set database path to: C:\Users\italo\.stmcufinder\plugins\mcufinder//mcu/
2025-08-25 10:03:45,640 [WARN] DbFile:41 - Overriding database path with different value: C:\Users\italo\.stmcufinder\plugins\mcufinder/ => C:\Users\italo\.stmcufinder\plugins\mcufinder
2025-08-25 10:03:45,640 [INFO] DbMcusAds:125 - Set database path to: C:\Users\italo\.stmcufinder\plugins\mcufinder//mcu/
2025-08-25 10:03:45,640 [WARN] DbFile:41 - Overriding database path with different value: C:\Users\italo\.stmcufinder\plugins\mcufinder/ => C:\Users\italo\.stmcufinder\plugins\mcufinder
2025-08-25 10:03:45,640 [WARN] DbFile:41 - Overriding database path with different value: C:\Users\italo\.stmcufinder\plugins\mcufinder/ => C:\Users\italo\.stmcufinder\plugins\mcufinder
2025-08-25 10:03:45,640 [INFO] CrossReferenceDbSqlite:203 - Set database path to: C:\Users\italo\.stmcufinder\plugins\mcufinder//mcu/cs/
2025-08-25 10:03:45,667 [INFO] ApplicationProperties:184 - Using Application install path: C:\ST\STM32CubeIDE_1.19.0\STM32CubeIDE\plugins\com.st.stm32cube.common.mx_6.15.0.202507011659
2025-08-25 10:03:45,669 [INFO] PluginManage:196 - Search for loadable plugins [exclusion list=, ]
2025-08-25 10:03:45,672 [INFO] PluginManage:310 - Check plugin analytics
2025-08-25 10:03:46,021 [INFO] AnalyticsPlugin:253 - Accepted Software Licenses: 
2025-08-25 10:03:46,022 [INFO] AnalyticsPlugin:255 - Accepted CMSIS Pack Licenses: 
2025-08-25 10:03:46,023 [INFO] AnalyticsPlugin:257 - Accepted Firmware Licenses: FW.F4.1.28.0
2025-08-25 10:03:46,030 [INFO] PluginManage:359 - Loaded plugin analytics (category:tool,tabindex:-1)
2025-08-25 10:03:46,031 [INFO] PluginManage:310 - Check plugin cadmodel
2025-08-25 10:03:46,044 [INFO] CADModel:105 - Init CAD model plugin
2025-08-25 10:03:46,044 [INFO] PluginManage:359 - Loaded plugin cadmodel (category:power,tabindex:5)
2025-08-25 10:03:46,044 [INFO] PluginManage:310 - Check plugin clock
2025-08-25 10:03:46,065 [INFO] PluginManage:359 - Loaded plugin clock (category:base,tabindex:2)
2025-08-25 10:03:46,065 [INFO] PluginManage:310 - Check plugin ddr
2025-08-25 10:03:46,072 [INFO] PluginManage:359 - Loaded plugin ddr (category:tool,tabindex:6)
2025-08-25 10:03:46,072 [INFO] PluginManage:310 - Check plugin filemanager
2025-08-25 10:03:46,512 [INFO] PluginManage:359 - Loaded plugin filemanager (category:base,tabindex:10)
2025-08-25 10:03:46,513 [INFO] PluginManage:310 - Check plugin ipmanager
2025-08-25 10:03:46,529 [INFO] PluginManage:359 - Loaded plugin ipmanager (category:base,tabindex:5)
2025-08-25 10:03:46,530 [INFO] PluginManage:310 - Check plugin lpbam
2025-08-25 10:03:46,543 [INFO] PluginManage:359 - Loaded plugin lpbam (category:base,tabindex:0)
2025-08-25 10:03:46,544 [INFO] PluginManage:310 - Check plugin memorymap
2025-08-25 10:03:46,568 [INFO] PluginManage:359 - Loaded plugin memorymap (category:base,tabindex:4)
2025-08-25 10:03:46,569 [INFO] PluginManage:310 - Check plugin pinoutandconfiguration
2025-08-25 10:03:46,585 [INFO] PluginManage:359 - Loaded plugin pinoutandconfiguration (category:base,tabindex:1)
2025-08-25 10:03:46,585 [INFO] PluginManage:310 - Check plugin pinoutconfig
2025-08-25 10:03:46,724 [WARN] SupportedApi:132 - Cannot load RTOS API schema: s4s-elt-must-match.1: The content of 'definitions' must match (annotation?, (simpleType | complexType)?, (unique | key | keyref)*)). A problem was found starting at: attribute.
2025-08-25 10:03:46,936 [INFO] PluginManage:359 - Loaded plugin pinoutconfig (category:base,tabindex:0)
2025-08-25 10:03:46,936 [INFO] PluginManage:310 - Check plugin power
2025-08-25 10:03:46,955 [INFO] PluginManage:359 - Loaded plugin power (category:power,tabindex:4)
2025-08-25 10:03:46,955 [INFO] PluginManage:310 - Check plugin projectmanager
2025-08-25 10:03:46,979 [INFO] PluginManage:359 - Loaded plugin projectmanager (category:projectmanager,tabindex:4)
2025-08-25 10:03:46,979 [INFO] PluginManage:310 - Check plugin rif
2025-08-25 10:03:46,994 [INFO] PluginManage:359 - Loaded plugin rif (category:base,tabindex:3)
2025-08-25 10:03:46,994 [INFO] PluginManage:310 - Check plugin thirdparty
2025-08-25 10:03:47,228 [INFO] PluginManage:359 - Loaded plugin thirdparty (category:base,tabindex:-1)
2025-08-25 10:03:47,229 [INFO] PluginManage:310 - Check plugin tools
2025-08-25 10:03:47,228 [WARN] IntegrityCheckThread:84 - waiting for thirdparty lock release [integrity check]
2025-08-25 10:03:47,230 [INFO] IntegrityCheckThread:86 - entering critical section [integrity check]
2025-08-25 10:03:47,231 [INFO] ThirdPartyUpdaterWithRetryManager:70 - Updater plugin not ready yet. [1/15]
2025-08-25 10:03:47,234 [INFO] PluginManage:359 - Loaded plugin tools (category:base,tabindex:7)
2025-08-25 10:03:47,235 [INFO] PluginManage:310 - Check plugin tutovideos
2025-08-25 10:03:47,557 [INFO] PluginManage:359 - Loaded plugin tutovideos (category:base,tabindex:-1)
2025-08-25 10:03:47,557 [INFO] PluginManage:310 - Check plugin updater
2025-08-25 10:03:47,597 [INFO] PluginManage:359 - Loaded plugin updater (category:base,tabindex:12)
2025-08-25 10:03:47,597 [INFO] PluginManage:310 - Check plugin userauth
2025-08-25 10:03:47,606 [INFO] UserAuth:118 - Init User Auth plugin
2025-08-25 10:03:47,608 [INFO] PluginManage:359 - Loaded plugin userauth (category:base,tabindex:14)
2025-08-25 10:03:47,608 [INFO] PluginManage:283 - PluginManage : Loaded plugins [18]
2025-08-25 10:03:48,015 [INFO] PinOutPanel:1589 - setPackage(No Configuration,No Configuration)
2025-08-25 10:03:48,144 [INFO] CADModel:165 - CPN selected for project level
2025-08-25 10:03:48,144 [INFO] CADModel:114 - Register for checkConnection events
2025-08-25 10:03:48,169 [INFO] IPUIPlugin:80 - create IPUIPlugin
2025-08-25 10:03:48,169 [INFO] PluginManager:220 - loadIPPluginJar : add adc
2025-08-25 10:03:48,174 [INFO] IPUIPlugin:80 - create IPUIPlugin
2025-08-25 10:03:48,174 [INFO] PluginManager:220 - loadIPPluginJar : add aes
2025-08-25 10:03:48,179 [INFO] IPUIPlugin:80 - create IPUIPlugin
2025-08-25 10:03:48,180 [INFO] PluginManager:220 - loadIPPluginJar : add can
2025-08-25 10:03:48,183 [INFO] IPUIPlugin:80 - create IPUIPlugin
2025-08-25 10:03:48,183 [INFO] PluginManager:220 - loadIPPluginJar : add comp
2025-08-25 10:03:48,187 [INFO] IPUIPlugin:80 - create IPUIPlugin
2025-08-25 10:03:48,188 [INFO] PluginManager:220 - loadIPPluginJar : add cryp
2025-08-25 10:03:48,193 [INFO] IPUIPlugin:80 - create IPUIPlugin
2025-08-25 10:03:48,193 [INFO] PluginManager:220 - loadIPPluginJar : add ddr_ctrl_phy
2025-08-25 10:03:48,198 [INFO] IPUIPlugin:80 - create IPUIPlugin
2025-08-25 10:03:48,198 [INFO] PluginManager:220 - loadIPPluginJar : add dfsdm
2025-08-25 10:03:48,205 [INFO] IPUIPlugin:80 - create IPUIPlugin
2025-08-25 10:03:48,205 [INFO] PluginManager:220 - loadIPPluginJar : add dma
2025-08-25 10:03:48,210 [INFO] IPUIPlugin:80 - create IPUIPlugin
2025-08-25 10:03:48,210 [INFO] PluginManager:220 - loadIPPluginJar : add dma3
2025-08-25 10:03:48,216 [INFO] IPUIPlugin:80 - create IPUIPlugin
2025-08-25 10:03:48,216 [INFO] PluginManager:220 - loadIPPluginJar : add extmemmanager
2025-08-25 10:03:48,219 [INFO] IPUIPlugin:80 - create IPUIPlugin
2025-08-25 10:03:48,220 [INFO] PluginManager:220 - loadIPPluginJar : add fatfs
2025-08-25 10:03:48,227 [INFO] IPUIPlugin:80 - create IPUIPlugin
2025-08-25 10:03:48,228 [INFO] PluginManager:220 - loadIPPluginJar : add fmc
2025-08-25 10:03:48,240 [INFO] IPUIPlugin:80 - create IPUIPlugin
2025-08-25 10:03:48,240 [INFO] PluginManager:220 - loadIPPluginJar : add freertos
2025-08-25 10:03:48,244 [INFO] IPUIPlugin:80 - create IPUIPlugin
2025-08-25 10:03:48,244 [INFO] PluginManager:220 - loadIPPluginJar : add genericplugin
2025-08-25 10:03:48,250 [INFO] IPUIPlugin:80 - create IPUIPlugin
2025-08-25 10:03:48,250 [INFO] PluginManager:220 - loadIPPluginJar : add gfxmmu
2025-08-25 10:03:48,258 [INFO] IPUIPlugin:80 - create IPUIPlugin
2025-08-25 10:03:48,259 [INFO] PluginManager:220 - loadIPPluginJar : add gic
2025-08-25 10:03:48,267 [INFO] IPUIPlugin:80 - create IPUIPlugin
2025-08-25 10:03:48,267 [INFO] PluginManager:220 - loadIPPluginJar : add gpio
2025-08-25 10:03:48,273 [INFO] IPUIPlugin:80 - create IPUIPlugin
2025-08-25 10:03:48,273 [INFO] PluginManager:220 - loadIPPluginJar : add gtzc
2025-08-25 10:03:48,279 [INFO] IPUIPlugin:80 - create IPUIPlugin
2025-08-25 10:03:48,280 [INFO] PluginManager:220 - loadIPPluginJar : add hash
2025-08-25 10:03:48,286 [INFO] IPUIPlugin:80 - create IPUIPlugin
2025-08-25 10:03:48,286 [INFO] PluginManager:220 - loadIPPluginJar : add i2c
2025-08-25 10:03:48,292 [INFO] IPUIPlugin:80 - create IPUIPlugin
2025-08-25 10:03:48,293 [INFO] PluginManager:220 - loadIPPluginJar : add i2s
2025-08-25 10:03:48,299 [INFO] IPUIPlugin:80 - create IPUIPlugin
2025-08-25 10:03:48,299 [INFO] PluginManager:220 - loadIPPluginJar : add i3c
2025-08-25 10:03:48,306 [INFO] IPUIPlugin:80 - create IPUIPlugin
2025-08-25 10:03:48,306 [INFO] PluginManager:220 - loadIPPluginJar : add ipddr
2025-08-25 10:03:48,317 [INFO] IPUIPlugin:80 - create IPUIPlugin
2025-08-25 10:03:48,317 [INFO] PluginManager:220 - loadIPPluginJar : add linkedlist
2025-08-25 10:03:48,324 [INFO] IPUIPlugin:80 - create IPUIPlugin
2025-08-25 10:03:48,325 [INFO] PluginManager:220 - loadIPPluginJar : add lorawan
2025-08-25 10:03:48,328 [INFO] IPUIPlugin:80 - create IPUIPlugin
2025-08-25 10:03:48,329 [INFO] PluginManager:220 - loadIPPluginJar : add ltdc
2025-08-25 10:03:48,341 [INFO] IPUIPlugin:80 - create IPUIPlugin
2025-08-25 10:03:48,342 [INFO] PluginManager:220 - loadIPPluginJar : add mdma
2025-08-25 10:03:48,349 [INFO] IPUIPlugin:80 - create IPUIPlugin
2025-08-25 10:03:48,349 [INFO] PluginManager:220 - loadIPPluginJar : add nvic
2025-08-25 10:03:48,355 [INFO] IPUIPlugin:80 - create IPUIPlugin
2025-08-25 10:03:48,355 [INFO] PluginManager:220 - loadIPPluginJar : add opamp
2025-08-25 10:03:48,363 [INFO] IPUIPlugin:80 - create IPUIPlugin
2025-08-25 10:03:48,363 [INFO] PluginManager:220 - loadIPPluginJar : add openamp
2025-08-25 10:03:48,369 [INFO] IPUIPlugin:80 - create IPUIPlugin
2025-08-25 10:03:48,370 [INFO] PluginManager:220 - loadIPPluginJar : add pdm2pcm
2025-08-25 10:03:48,378 [INFO] IPUIPlugin:80 - create IPUIPlugin
2025-08-25 10:03:48,382 [INFO] PluginManager:220 - loadIPPluginJar : add plateformsettings
2025-08-25 10:03:48,386 [INFO] IPUIPlugin:80 - create IPUIPlugin
2025-08-25 10:03:48,386 [INFO] PluginManager:220 - loadIPPluginJar : add quadspi
2025-08-25 10:03:48,390 [INFO] IPUIPlugin:80 - create IPUIPlugin
2025-08-25 10:03:48,391 [INFO] PluginManager:220 - loadIPPluginJar : add radio
2025-08-25 10:03:48,398 [INFO] IPUIPlugin:80 - create IPUIPlugin
2025-08-25 10:03:48,399 [INFO] PluginManager:220 - loadIPPluginJar : add resmgrutility
2025-08-25 10:03:48,404 [INFO] IPUIPlugin:80 - create IPUIPlugin
2025-08-25 10:03:48,404 [INFO] PluginManager:220 - loadIPPluginJar : add sai
2025-08-25 10:03:48,410 [INFO] IPUIPlugin:80 - create IPUIPlugin
2025-08-25 10:03:48,410 [INFO] PluginManager:220 - loadIPPluginJar : add spi
2025-08-25 10:03:48,419 [INFO] IPUIPlugin:80 - create IPUIPlugin
2025-08-25 10:03:48,420 [INFO] PluginManager:220 - loadIPPluginJar : add stm32_wpan
2025-08-25 10:03:48,424 [INFO] IPUIPlugin:80 - create IPUIPlugin
2025-08-25 10:03:48,424 [INFO] PluginManager:220 - loadIPPluginJar : add tim
2025-08-25 10:03:48,430 [INFO] IPUIPlugin:80 - create IPUIPlugin
2025-08-25 10:03:48,430 [INFO] PluginManager:220 - loadIPPluginJar : add touchsensing
2025-08-25 10:03:48,435 [INFO] IPUIPlugin:80 - create IPUIPlugin
2025-08-25 10:03:48,435 [INFO] PluginManager:220 - loadIPPluginJar : add tracer_emb
2025-08-25 10:03:48,439 [INFO] IPUIPlugin:80 - create IPUIPlugin
2025-08-25 10:03:48,439 [INFO] PluginManager:220 - loadIPPluginJar : add ts
2025-08-25 10:03:48,443 [INFO] IPUIPlugin:80 - create IPUIPlugin
2025-08-25 10:03:48,443 [INFO] PluginManager:220 - loadIPPluginJar : add tsc
2025-08-25 10:03:48,447 [INFO] IPUIPlugin:80 - create IPUIPlugin
2025-08-25 10:03:48,448 [INFO] PluginManager:220 - loadIPPluginJar : add ucpd
2025-08-25 10:03:48,453 [INFO] IPUIPlugin:80 - create IPUIPlugin
2025-08-25 10:03:48,453 [INFO] PluginManager:220 - loadIPPluginJar : add usart
2025-08-25 10:03:48,458 [INFO] IPUIPlugin:80 - create IPUIPlugin
2025-08-25 10:03:48,458 [INFO] PluginManager:220 - loadIPPluginJar : add usbx
2025-08-25 10:03:48,621 [FATAL] Updater:351 - Updater called before beeing initialized
2025-08-25 10:03:48,678 [INFO] RulesReader:64 - Compatibility file has been processed (317 Rules)
2025-08-25 10:03:48,696 [INFO] RulesReader:64 - Compatibility file has been processed (317 Rules)
2025-08-25 10:03:48,708 [INFO] CADModel:165 - CPN selected for project level
2025-08-25 10:03:48,708 [INFO] CADModel:114 - Register for checkConnection events
2025-08-25 10:03:48,708 [FATAL] Updater:351 - Updater called before beeing initialized
2025-08-25 10:03:48,708 [ERROR] CADModel:125 - Updater not yet initialized, retry later 
2025-08-25 10:03:48,917 [FATAL] Updater:351 - Updater called before beeing initialized
2025-08-25 10:03:48,920 [INFO] CADModel:165 - CPN selected for project level
2025-08-25 10:03:48,921 [INFO] CADModel:114 - Register for checkConnection events
2025-08-25 10:03:48,921 [FATAL] Updater:351 - Updater called before beeing initialized
2025-08-25 10:03:48,921 [ERROR] CADModel:125 - Updater not yet initialized, retry later 
2025-08-25 10:03:48,925 [FATAL] Updater:351 - Updater called before beeing initialized
2025-08-25 10:03:49,132 [FATAL] Updater:351 - Updater called before beeing initialized
2025-08-25 10:03:49,137 [INFO] DbMcusAds:53 - JSON generation date=Tue Jul 08 05:14:23 BRT 2025 (1751962463582)
2025-08-25 10:03:49,137 [FATAL] Updater:351 - Updater called before beeing initialized
2025-08-25 10:03:49,203 [WARN] DetailPanel:346 - Failed to get advertising image, set to default
2025-08-25 10:03:49,327 [FATAL] Updater:351 - Updater called before beeing initialized
2025-08-25 10:03:49,329 [FATAL] Updater:351 - Updater called before beeing initialized
2025-08-25 10:03:49,329 [FATAL] Updater:351 - Updater called before beeing initialized
2025-08-25 10:03:49,329 [WARN] DetailPanel:346 - Failed to get advertising image, set to default
2025-08-25 10:03:49,330 [FATAL] Updater:351 - Updater called before beeing initialized
2025-08-25 10:03:49,416 [ERROR] Updater:1198 - MainUpdater not yet initialized. External WinMGr cannot be set.
2025-08-25 10:03:49,420 [INFO] Updater:1134 - Updater Version found : 6.15.0
2025-08-25 10:03:49,444 [INFO] ApplicationProperties:184 - Using Application install path: C:\ST\STM32CubeIDE_1.19.0\STM32CubeIDE\plugins\com.st.stm32cube.common.mx_6.15.0.202507011659
2025-08-25 10:03:49,996 [INFO] MainUpdater:2872 - connection check result : 10
2025-08-25 10:03:49,997 [INFO] MainUpdater:289 - Updater Check For Update Now.
2025-08-25 10:03:49,997 [INFO] MicroXplorer:498 - Change Database Version : DB.6.0.150
2025-08-25 10:03:50,007 [INFO] McuFinderGlobals:63 - Set McuFinder mode to 2 (CubeIDE integrated)
2025-08-25 10:03:50,010 [INFO] UserAuth:487 - Internet connection configuration mode: 1
2025-08-25 10:03:50,051 [INFO] JxBrowserEngine:152 - Initiate JxBrowser Engine with user profile folder
2025-08-25 10:03:50,232 [WARN] MainUpdater:1193 - Updater busy. Cannot search thirdparties
2025-08-25 10:03:50,232 [INFO] ThirdPartyUpdaterWithRetryManager:96 - Updater plugin is busy. [1/15]
2025-08-25 10:03:50,289 [INFO] CheckServerUpdateThread:120 - End of CheckServer Thread
2025-08-25 10:03:52,144 [INFO] WebApp:169 - Instantiating new browser for Auth
2025-08-25 10:03:53,867 [INFO] WebApp:463 - Apply proxy settings
2025-08-25 10:03:53,868 [INFO] WebApp:548 - Chromium requires no authentication
2025-08-25 10:03:53,886 [INFO] WebApp:491 - Direct internet connection detected
2025-08-25 10:03:53,942 [INFO] WebApp:900 - Register for checkConnection events
2025-08-25 10:03:53,942 [INFO] WebApp:463 - Apply proxy settings
2025-08-25 10:03:53,942 [INFO] WebApp:548 - Chromium requires no authentication
2025-08-25 10:03:53,943 [INFO] WebApp:491 - Direct internet connection detected
2025-08-25 10:03:53,989 [WARN] PackLoader:240 - Cannot read IP mode file for STMicroelectronics.FP-SNS-MOTENVWB1.1.4.0
2025-08-25 10:03:54,005 [WARN] PackLoader:240 - Cannot read IP mode file for STMicroelectronics.FP-ATR-ASTRA1.2.0.2
2025-08-25 10:03:54,020 [WARN] PackLoader:240 - Cannot read IP mode file for STMicroelectronics.X-CUBE-SMBUS.2.1.0
2025-08-25 10:03:54,033 [WARN] PackLoader:240 - Cannot read IP mode file for STMicroelectronics.X-CUBE-ST60.1.0.0
2025-08-25 10:03:54,087 [WARN] PackLoader:240 - Cannot read IP mode file for STMicroelectronics.X-CUBE-AZRTOS-F7.1.1.0
2025-08-25 10:03:54,188 [WARN] PackLoader:240 - Cannot read IP mode file for Infineon.AIROC-Wi-Fi-Bluetooth-STM32.1.7.1
2025-08-25 10:03:54,266 [WARN] PackLoader:240 - Cannot read IP mode file for STMicroelectronics.X-CUBE-AZRTOS-H7.3.4.0
2025-08-25 10:03:54,299 [WARN] PackLoader:240 - Cannot read IP mode file for STMicroelectronics.X-CUBE-DISPLAY.3.0.0
2025-08-25 10:03:54,328 [WARN] PackLoader:240 - Cannot read IP mode file for STMicroelectronics.X-CUBE-NFC10.1.0.0
2025-08-25 10:03:54,344 [WARN] PackLoader:240 - Cannot read IP mode file for emotas.I-CUBE-CANOPEN.1.3.0
2025-08-25 10:03:54,358 [WARN] PackLoader:240 - Cannot read IP mode file for STMicroelectronics.FP-SNS-STBOX1.2.1.0
2025-08-25 10:03:54,370 [WARN] PackLoader:240 - Cannot read IP mode file for STMicroelectronics.FP-SNS-SMARTAG2.1.2.0
2025-08-25 10:03:54,380 [WARN] PackLoader:240 - Cannot read IP mode file for STMicroelectronics.FP-SNS-FLIGHT1.5.1.0
2025-08-25 10:03:54,396 [INFO] LogOutputStream:77 - [STDOUT_REDIRECT] 1 : Invalid condition id : UX_CORESTACK_Condition cause : null
2025-08-25 10:03:54,397 [INFO] LogOutputStream:77 - [STDOUT_REDIRECT] 1 : Invalid condition id : UX_CORESTACK_Condition cause : null
2025-08-25 10:03:54,399 [INFO] LogOutputStream:77 - [STDOUT_REDIRECT] 1 : Invalid condition id : UX_CORESTACK_Condition cause : null
2025-08-25 10:03:54,419 [INFO] LogOutputStream:77 - [STDOUT_REDIRECT] 1 : Invalid condition id : UX_CORESTACK_Condition cause : null
2025-08-25 10:03:54,422 [INFO] LogOutputStream:77 - [STDOUT_REDIRECT] 1 : Invalid condition id : UX_CORESTACK_Condition cause : null
2025-08-25 10:03:54,432 [WARN] PackLoader:240 - Cannot read IP mode file for STMicroelectronics.X-CUBE-AZRTOS-WL.2.0.0
2025-08-25 10:03:54,448 [WARN] PackLoader:240 - Cannot read IP mode file for STMicroelectronics.FP-SNS-MOTENV1.5.0.0
2025-08-25 10:03:54,465 [WARN] PackLoader:240 - Cannot read IP mode file for WES.I-CUBE-Cesium.1.3.0
2025-08-25 10:03:54,476 [WARN] PackLoader:240 - Cannot read IP mode file for STMicroelectronics.X-CUBE-BLE2.3.3.0
2025-08-25 10:03:54,490 [WARN] PackLoader:240 - Cannot read IP mode file for STMicroelectronics.X-CUBE-NFC9.1.0.0
2025-08-25 10:03:54,503 [WARN] PackLoader:240 - Cannot read IP mode file for wolfSSL.I-CUBE-wolfSSL.5.8.2
2025-08-25 10:03:54,514 [WARN] PackLoader:240 - Cannot read IP mode file for STMicroelectronics.X-CUBE-BLE1.7.1.0
2025-08-25 10:03:54,521 [WARN] PackLoader:240 - Cannot read IP mode file for wolfSSL.I-CUBE-wolfMQTT.1.19.2
2025-08-25 10:03:54,538 [WARN] PackLoader:240 - Cannot read IP mode file for STMicroelectronics.X-CUBE-EEPRMA1.5.2.0
2025-08-25 10:03:54,546 [INFO] WebApp:225 - Starting web application
2025-08-25 10:03:54,546 [INFO] WebApp:593 - Web application path used C:\ST\STM32CubeIDE_1.19.0\STM32CubeIDE\plugins\com.st.stm32cube.common.mx_6.15.0.202507011659\db\plugins\mcufinder\reactClient1\index.html
2025-08-25 10:03:54,603 [WARN] PackLoader:240 - Cannot read IP mode file for STMicroelectronics.X-CUBE-AZRTOS-G0.1.1.0
2025-08-25 10:03:54,624 [WARN] PackLoader:240 - Cannot read IP mode file for STMicroelectronics.X-CUBE-SAFEA1.1.2.2
2025-08-25 10:03:54,635 [WARN] PackLoader:240 - Cannot read IP mode file for STMicroelectronics.X-CUBE-NFC4.3.0.0
2025-08-25 10:03:54,654 [WARN] PackLoader:240 - Cannot read IP mode file for EmbeddedOffice.I-CUBE-FS-RTOS.1.0.1
2025-08-25 10:03:54,665 [WARN] PackLoader:240 - Cannot read IP mode file for STMicroelectronics.X-CUBE-WB05N.2.0.0
2025-08-25 10:03:54,675 [WARN] PackLoader:240 - Cannot read IP mode file for wolfSSL.I-CUBE-wolfTPM.3.8.0
2025-08-25 10:03:54,712 [WARN] PackLoader:240 - Cannot read IP mode file for STMicroelectronics.X-CUBE-TCPP.4.2.0
2025-08-25 10:03:54,728 [WARN] PackLoader:240 - Cannot read IP mode file for RealThread.X-CUBE-RT-Thread_Nano.4.1.1
2025-08-25 10:03:54,736 [WARN] PackLoader:240 - Cannot read IP mode file for STMicroelectronics.FP-ATR-SIGFOX1.3.2.0
2025-08-25 10:03:54,784 [WARN] PackLoader:240 - Cannot read IP mode file for ITTIA_DB.I-CUBE-ITTIADB.8.9.0
2025-08-25 10:03:54,798 [WARN] PackLoader:240 - Cannot read IP mode file for STMicroelectronics.X-CUBE-ST67W61.1.0.0
2025-08-25 10:03:54,806 [WARN] PackLoader:240 - Cannot read IP mode file for STMicroelectronics.X-CUBE-AI.10.2.0
2025-08-25 10:03:54,845 [WARN] PackLoader:240 - Cannot read IP mode file for SEGGER.I-CUBE-embOS.1.3.1
2025-08-25 10:03:54,906 [INFO] UserAuth:487 - Internet connection configuration mode: 1
2025-08-25 10:03:54,976 [WARN] PackLoader:240 - Cannot read IP mode file for STMicroelectronics.X-CUBE-ALGOBUILD.1.4.0
2025-08-25 10:03:55,107 [WARN] PackLoader:240 - Cannot read IP mode file for STMicroelectronics.X-CUBE-MEMS1.11.3.0
2025-08-25 10:03:55,429 [WARN] PackLoader:240 - Cannot read IP mode file for STMicroelectronics.X-CUBE-PM33A1.1.0.0
2025-08-25 10:03:55,502 [WARN] PackLoader:240 - Cannot read IP mode file for STMicroelectronics.X-CUBE-AZRTOS-F4.1.1.0
2025-08-25 10:03:55,524 [WARN] PackLoader:240 - Cannot read IP mode file for Avnet-IotConnect.X-CUBE-IoTC-DA16k-PMOD.1.0.0
2025-08-25 10:03:55,547 [WARN] PackLoader:240 - Cannot read IP mode file for STMicroelectronics.X-CUBE-ISPU.2.1.0
2025-08-25 10:03:55,560 [WARN] PackLoader:240 - Cannot read IP mode file for STMicroelectronics.X-CUBE-NFC12.1.0.0
2025-08-25 10:03:55,600 [WARN] PackLoader:240 - Cannot read IP mode file for STMicroelectronics.X-CUBE-AZRTOS-L5.2.0.0
2025-08-25 10:03:55,619 [WARN] PackLoader:240 - Cannot read IP mode file for STMicroelectronics.X-CUBE-NFC6.3.1.0
2025-08-25 10:03:55,727 [WARN] PackLoader:240 - Cannot read IP mode file for STMicroelectronics.X-CUBE-FREERTOS.1.3.1
2025-08-25 10:03:55,737 [WARN] PackLoader:240 - Cannot read IP mode file for STMicroelectronics.FP-SNS-STAIOTCFT.1.0.0
2025-08-25 10:03:55,749 [WARN] PackLoader:240 - Cannot read IP mode file for STMicroelectronics.X-CUBE-DPower.1.3.0
2025-08-25 10:03:55,796 [WARN] ConditionMgr:438 - getConditionDescription Invalid condition id : LAN8742 Phy interface Condition cause : null
2025-08-25 10:03:55,798 [WARN] PackLoader:240 - Cannot read IP mode file for STMicroelectronics.X-CUBE-AZRTOS-L4.2.0.0
2025-08-25 10:03:55,800 [WARN] ConditionMgr:1044 - genDependencies : Invalid condition id : LAN8742 Phy interface Condition cause : null
2025-08-25 10:03:55,801 [WARN] ConditionMgr:1044 - genDependencies : Invalid condition id : LAN8742 Phy interface Condition cause : null
2025-08-25 10:03:55,801 [WARN] ConditionMgr:1044 - genDependencies : Invalid condition id : LAN8742 Phy interface Condition cause : null
2025-08-25 10:03:55,818 [WARN] PackLoader:240 - Cannot read IP mode file for STMicroelectronics.X-CUBE-SFXS2LP1.4.0.0
2025-08-25 10:03:55,852 [WARN] PackLoader:240 - Cannot read IP mode file for STMicroelectronics.X-CUBE-BLEMGR.4.1.0
2025-08-25 10:03:55,885 [WARN] ConditionMgr:438 - getConditionDescription Invalid condition id : UX DEVICE CLASS RTOS Condition cause : null
2025-08-25 10:03:55,885 [WARN] ConditionMgr:438 - getConditionDescription Invalid condition id : UX DEVICE CLASS RTOS Condition cause : null
2025-08-25 10:03:55,890 [WARN] PackLoader:240 - Cannot read IP mode file for STMicroelectronics.X-CUBE-AZRTOS-WB.2.0.0
2025-08-25 10:03:55,891 [WARN] ConditionMgr:1044 - genDependencies : Invalid condition id : UX DEVICE CLASS RTOS Condition cause : null
2025-08-25 10:03:55,891 [WARN] ConditionMgr:1044 - genDependencies : Invalid condition id : UX DEVICE CLASS RTOS Condition cause : null
2025-08-25 10:03:55,892 [WARN] ConditionMgr:1044 - genDependencies : Invalid condition id : UX DEVICE CLASS RTOS Condition cause : null
2025-08-25 10:03:55,894 [WARN] ConditionMgr:1044 - genDependencies : Invalid condition id : UX DEVICE CLASS RTOS Condition cause : null
2025-08-25 10:03:55,894 [WARN] ConditionMgr:1044 - genDependencies : Invalid condition id : UX DEVICE CLASS RTOS Condition cause : null
2025-08-25 10:03:55,906 [WARN] PackLoader:240 - Cannot read IP mode file for STMicroelectronics.X-CUBE-GNSS1.7.0.1
2025-08-25 10:03:55,918 [WARN] PackLoader:240 - Cannot read IP mode file for STMicroelectronics.X-CUBE-TOUCHGFX.4.25.0
2025-08-25 10:03:55,926 [WARN] ConditionMgr:438 - getConditionDescription Invalid condition id : Cortex-A Device cause : null
2025-08-25 10:03:55,957 [WARN] ConditionMgr:1044 - genDependencies : Invalid condition id : Cortex-A Device cause : null
2025-08-25 10:03:55,957 [WARN] ConditionMgr:1044 - genDependencies : Invalid condition id : Cortex-A Device cause : null
2025-08-25 10:03:55,957 [WARN] ConditionMgr:1044 - genDependencies : Invalid condition id : Cortex-A Device cause : null
2025-08-25 10:03:55,981 [WARN] PackLoader:240 - Cannot read IP mode file for STMicroelectronics.X-CUBE-SUBG2.5.0.0
2025-08-25 10:03:56,015 [WARN] PackLoader:240 - Cannot read IP mode file for STMicroelectronics.X-CUBE-AZRTOS-H7RS.1.1.0
2025-08-25 10:03:56,026 [WARN] PackLoader:240 - Cannot read IP mode file for Cesanta.I-CUBE-Mongoose.7.13.0
2025-08-25 10:03:56,089 [WARN] PackLoader:240 - Cannot read IP mode file for STMicroelectronics.X-CUBE-AZRTOS-G4.2.0.0
2025-08-25 10:03:56,101 [WARN] PackLoader:240 - Cannot read IP mode file for wolfSSL.I-CUBE-wolfSSH.1.4.20
2025-08-25 10:03:56,109 [WARN] PackLoader:240 - Cannot read IP mode file for STMicroelectronics.X-CUBE-NFC7.2.0.0
2025-08-25 10:03:56,132 [WARN] PackLoader:240 - Cannot read IP mode file for STMicroelectronics.X-CUBE-IPS.3.1.0
2025-08-25 10:03:56,149 [WARN] PackLoader:240 - Cannot read IP mode file for STMicroelectronics.X-CUBE-ALS.1.0.2
2025-08-25 10:03:56,162 [WARN] PackLoader:240 - Cannot read IP mode file for portGmbH.I-Cube-SoM-uGOAL.1.1.0
2025-08-25 10:03:56,182 [WARN] PackLoader:240 - Cannot read IP mode file for STMicroelectronics.X-CUBE-TOF1.3.4.3
2025-08-25 10:03:56,201 [INFO] ThirdParty:978 - Integrity check success = true
2025-08-25 10:03:56,201 [INFO] IntegrityCheckThread:100 - exiting critical section [integrity check]
2025-08-25 10:03:56,201 [INFO] IntegrityCheckThread:103 - End integrity checks thread
2025-08-25 10:03:56,219 [INFO] WebApp:191 - Connection restablished
2025-08-25 10:04:26,873 [ERROR] LogOutputStream:75 - [STDERR_REDIRECT] 
